Build started 21-Jun-20 12:12:55 PM.
     1>Project "E:\Rohit_Shedage\C Programs\C Program (LB)\Assignment No(25)\Assignment_No_25.4\Assignment_No_25.4\Assignment_No_25.4.vcxproj" on node 2 (build target(s)).
     1>PrepareForBuild:
         Creating directory "E:\Rohit_Shedage\C Programs\C Program (LB)\Assignment No(25)\Assignment_No_25.4\Debug\".
       InitializeBuildStatus:
         Creating "Debug\Assignment_No_25.4.unsuccessfulbuild" because "AlwaysCreate" was specified.
       ClCompile:
         d:\Softwares\VS2010\VC\bin\CL.exe /c /ZI /nologo /W3 /WX- /Od /Oy- /D WIN32 /D _DEBUG /D _CONSOLE /D _UNICODE /D UNICODE /Gm /EHsc /RTC1 /MDd /GS /fp:precise /Zc:wchar_t /Zc:forScope /Fo"Debug\\" /Fd"Debug\vc100.pdb" /Gd /TC /analyze- /errorReport:prompt "4. Accept Character from user and check whether it is small case or not (a-z).c"
         4. Accept Character from user and check whether it is small case or not (a-z).c
     1>e:\rohit_shedage\c programs\c program (lb)\assignment no(25)\assignment_no_25.4\assignment_no_25.4\4. accept character from user and check whether it is small case or not (a-z).c(34): warning C4996: 'getche': The POSIX name for this item is deprecated. Instead, use the ISO C++ conformant name: _getche. See online help for details.
                 d:\softwares\vs2010\vc\include\conio.h(129) : see declaration of 'getche'
     1>e:\rohit_shedage\c programs\c program (lb)\assignment no(25)\assignment_no_25.4\assignment_no_25.4\4. accept character from user and check whether it is small case or not (a-z).c(42): warning C4129: ' ' : unrecognized character escape sequence
     1>e:\rohit_shedage\c programs\c program (lb)\assignment no(25)\assignment_no_25.4\assignment_no_25.4\4. accept character from user and check whether it is small case or not (a-z).c(46): warning C4129: ' ' : unrecognized character escape sequence
       ManifestResourceCompile:
         C:\Program Files (x86)\Microsoft SDKs\Windows\v7.0A\bin\rc.exe /nologo /fo"Debug\Assignment_No_25.4.exe.embed.manifest.res" Debug\Assignment_No_25.4_manifest.rc 
       Link:
         d:\Softwares\VS2010\VC\bin\link.exe /ERRORREPORT:PROMPT /OUT:"E:\Rohit_Shedage\C Programs\C Program (LB)\Assignment No(25)\Assignment_No_25.4\Debug\Assignment_No_25.4.exe" /INCREMENTAL /NOLOGO kernel32.lib user32.lib gdi32.lib winspool.lib comdlg32.lib advapi32.lib shell32.lib ole32.lib oleaut32.lib uuid.lib odbc32.lib odbccp32.lib /MANIFEST /ManifestFile:"Debug\Assignment_No_25.4.exe.intermediate.manifest" /MANIFESTUAC:"level='asInvoker' uiAccess='false'" /DEBUG /PDB:"E:\Rohit_Shedage\C Programs\C Program (LB)\Assignment No(25)\Assignment_No_25.4\Debug\Assignment_No_25.4.pdb" /SUBSYSTEM:CONSOLE /TLBID:1 /DYNAMICBASE /NXCOMPAT /IMPLIB:"E:\Rohit_Shedage\C Programs\C Program (LB)\Assignment No(25)\Assignment_No_25.4\Debug\Assignment_No_25.4.lib" /MACHINE:X86 Debug\Assignment_No_25.4.exe.embed.manifest.res
         "Debug\4. Accept Character from user and check whether it is small case or not (a-z).obj"
       Manifest:
         C:\Program Files (x86)\Microsoft SDKs\Windows\v7.0A\bin\mt.exe /nologo /verbose /out:"Debug\Assignment_No_25.4.exe.embed.manifest" /manifest Debug\Assignment_No_25.4.exe.intermediate.manifest
         C:\Program Files (x86)\Microsoft SDKs\Windows\v7.0A\bin\rc.exe /nologo /fo"Debug\Assignment_No_25.4.exe.embed.manifest.res" Debug\Assignment_No_25.4_manifest.rc 
       LinkEmbedManifest:
         d:\Softwares\VS2010\VC\bin\link.exe /ERRORREPORT:PROMPT /OUT:"E:\Rohit_Shedage\C Programs\C Program (LB)\Assignment No(25)\Assignment_No_25.4\Debug\Assignment_No_25.4.exe" /INCREMENTAL /NOLOGO kernel32.lib user32.lib gdi32.lib winspool.lib comdlg32.lib advapi32.lib shell32.lib ole32.lib oleaut32.lib uuid.lib odbc32.lib odbccp32.lib /MANIFEST /ManifestFile:"Debug\Assignment_No_25.4.exe.intermediate.manifest" /MANIFESTUAC:"level='asInvoker' uiAccess='false'" /DEBUG /PDB:"E:\Rohit_Shedage\C Programs\C Program (LB)\Assignment No(25)\Assignment_No_25.4\Debug\Assignment_No_25.4.pdb" /SUBSYSTEM:CONSOLE /TLBID:1 /DYNAMICBASE /NXCOMPAT /IMPLIB:"E:\Rohit_Shedage\C Programs\C Program (LB)\Assignment No(25)\Assignment_No_25.4\Debug\Assignment_No_25.4.lib" /MACHINE:X86 Debug\Assignment_No_25.4.exe.embed.manifest.res
         "Debug\4. Accept Character from user and check whether it is small case or not (a-z).obj"
         Assignment_No_25.4.vcxproj -> E:\Rohit_Shedage\C Programs\C Program (LB)\Assignment No(25)\Assignment_No_25.4\Debug\Assignment_No_25.4.exe
       FinalizeBuildStatus:
         Deleting file "Debug\Assignment_No_25.4.unsuccessfulbuild".
         Touching "Debug\Assignment_No_25.4.lastbuildstate".
     1>Done Building Project "E:\Rohit_Shedage\C Programs\C Program (LB)\Assignment No(25)\Assignment_No_25.4\Assignment_No_25.4\Assignment_No_25.4.vcxproj" (build target(s)).

Build succeeded.

Time Elapsed 00:00:03.00
