Build started 26-Jun-20 12:51:21 PM.
     1>Project "E:\Rohit_Shedage\C Programs\C Program (LB)\Assignment No(28)\Assignment_No_28.1\Assignment_No_28.1\Assignment_No_28.1.vcxproj" on node 2 (build target(s)).
     1>InitializeBuildStatus:
         Creating "Debug\Assignment_No_28.1.unsuccessfulbuild" because "AlwaysCreate" was specified.
       ClCompile:
         d:\Softwares\VS2010\VC\bin\CL.exe /c /ZI /nologo /W3 /WX- /Od /Oy- /D WIN32 /D _DEBUG /D _CONSOLE /D _UNICODE /D UNICODE /Gm /EHsc /RTC1 /MDd /GS /fp:precise /Zc:wchar_t /Zc:forScope /Fo"Debug\\" /Fd"Debug\vc100.pdb" /Gd /TC /analyze- /errorReport:prompt "1.Write a program which accept string from user and convert it into lower case.c"
         1.Write a program which accept string from user and convert it into lower case.c
     1>e:\rohit_shedage\c programs\c program (lb)\assignment no(28)\assignment_no_28.1\assignment_no_28.1\1.write a program which accept string from user and convert it into lower case.c(29): warning C4996: 'scanf': This function or variable may be unsafe. Consider using scanf_s instead. To disable deprecation, use _CRT_SECURE_NO_WARNINGS. See online help for details.
                 d:\softwares\vs2010\vc\include\stdio.h(304) : see declaration of 'scanf'
       ManifestResourceCompile:
         All outputs are up-to-date.
       Link:
         d:\Softwares\VS2010\VC\bin\link.exe /ERRORREPORT:PROMPT /OUT:"E:\Rohit_Shedage\C Programs\C Program (LB)\Assignment No(28)\Assignment_No_28.1\Debug\Assignment_No_28.1.exe" /INCREMENTAL /NOLOGO kernel32.lib user32.lib gdi32.lib winspool.lib comdlg32.lib advapi32.lib shell32.lib ole32.lib oleaut32.lib uuid.lib odbc32.lib odbccp32.lib /MANIFEST /ManifestFile:"Debug\Assignment_No_28.1.exe.intermediate.manifest" /MANIFESTUAC:"level='asInvoker' uiAccess='false'" /DEBUG /PDB:"E:\Rohit_Shedage\C Programs\C Program (LB)\Assignment No(28)\Assignment_No_28.1\Debug\Assignment_No_28.1.pdb" /SUBSYSTEM:CONSOLE /TLBID:1 /DYNAMICBASE /NXCOMPAT /IMPLIB:"E:\Rohit_Shedage\C Programs\C Program (LB)\Assignment No(28)\Assignment_No_28.1\Debug\Assignment_No_28.1.lib" /MACHINE:X86 Debug\Assignment_No_28.1.exe.embed.manifest.res
         "Debug\1.Write a program which accept string from user and convert it into lower case.obj"
       Manifest:
         C:\Program Files (x86)\Microsoft SDKs\Windows\v7.0A\bin\mt.exe /nologo /verbose /out:"Debug\Assignment_No_28.1.exe.embed.manifest" /manifest Debug\Assignment_No_28.1.exe.intermediate.manifest
         All outputs are up-to-date.
       LinkEmbedManifest:
         All outputs are up-to-date.
         Assignment_No_28.1.vcxproj -> E:\Rohit_Shedage\C Programs\C Program (LB)\Assignment No(28)\Assignment_No_28.1\Debug\Assignment_No_28.1.exe
       FinalizeBuildStatus:
         Deleting file "Debug\Assignment_No_28.1.unsuccessfulbuild".
         Touching "Debug\Assignment_No_28.1.lastbuildstate".
     1>Done Building Project "E:\Rohit_Shedage\C Programs\C Program (LB)\Assignment No(28)\Assignment_No_28.1\Assignment_No_28.1\Assignment_No_28.1.vcxproj" (build target(s)).

Build succeeded.

Time Elapsed 00:00:00.53
